[Saturday, 13 July 06 06:22:05] [VISIT] /live/login.php - 200 [::1 - Pontianak, Indonesia - Windows 10 - Mozilla/5.0 (Windows NT 10.0; Win64; x64) AppleWebKit/537.36 (KHTML, like Gecko) Chrome/75.0.3770.100 Safari/537.36]
[Saturday, 13 July 06 06:32:59] [VISIT] /live/login.php - 200 [::1 - Pontianak, Indonesia - Windows 10 - Mozilla/5.0 (Windows NT 10.0; Win64; x64) AppleWebKit/537.36 (KHTML, like Gecko) Chrome/75.0.3770.100 Safari/537.36]
[Saturday, 13 July 13 13:58:49] [VISIT] /live/pass.php - 200 [::1 - Rw 02, Indonesia - Windows 10 - Mozilla/5.0 (Windows NT 10.0; Win64; x64) AppleWebKit/537.36 (KHTML, like Gecko) Chrome/75.0.3770.100 Safari/537.36]
[Saturday, 13 July 13 13:58:50] [VISIT] /live/login.php - 200 [::1 - Rw 02, Indonesia - Windows 10 - Mozilla/5.0 (Windows NT 10.0; Win64; x64) AppleWebKit/537.36 (KHTML, like Gecko) Chrome/75.0.3770.100 Safari/537.36]
[Saturday, 13 July 13 13:58:58] [VISIT] /live/login.php - 200 [::1 - Rw 02, Indonesia - Windows 10 - Mozilla/5.0 (Windows NT 10.0; Win64; x64) AppleWebKit/537.36 (KHTML, like Gecko) Chrome/75.0.3770.100 Safari/537.36]
[Saturday, 13 July 13 13:59:02] [VISIT] /live/login.php - 200 [::1 - Rw 02, Indonesia - Windows 10 - Mozilla/5.0 (Windows NT 10.0; Win64; x64) AppleWebKit/537.36 (KHTML, like Gecko) Chrome/75.0.3770.100 Safari/537.36]
[Saturday, 13 July 13 13:59:02] [LOGIN] /live/login.php - 200 [::1 - Rw 02, Indonesia - Windows 10 - Mozilla/5.0 (Windows NT 10.0; Win64; x64) AppleWebKit/537.36 (KHTML, like Gecko) Chrome/75.0.3770.100 Safari/537.36]
[Saturday, 13 July 13 13:59:03] [VISIT] /live/pass.php - 200 [::1 - Rw 02, Indonesia - Windows 10 - Mozilla/5.0 (Windows NT 10.0; Win64; x64) AppleWebKit/537.36 (KHTML, like Gecko) Chrome/75.0.3770.100 Safari/537.36]
[Saturday, 13 July 13 13:59:40] [VISIT] /live/pass.php - 200 [::1 - Rw 02, Indonesia - Windows 10 - Mozilla/5.0 (Windows NT 10.0; Win64; x64) AppleWebKit/537.36 (KHTML, like Gecko) Chrome/75.0.3770.100 Safari/537.36]
[Saturday, 13 July 13 13:59:43] [VISIT] /live/pass.php?cngmail=true - 200 [::1 - Rw 02, Indonesia - Windows 10 - Mozilla/5.0 (Windows NT 10.0; Win64; x64) AppleWebKit/537.36 (KHTML, like Gecko) Chrome/75.0.3770.100 Safari/537.36]
[Saturday, 13 July 13 13:59:43] [VISIT] /live/login.php?cngmail=d2E= - 200 [::1 - Rw 02, Indonesia - Windows 10 - Mozilla/5.0 (Windows NT 10.0; Win64; x64) AppleWebKit/537.36 (KHTML, like Gecko) Chrome/75.0.3770.100 Safari/537.36]
[Saturday, 13 July 14 14:03:32] [VISIT] /live/login.php?cngmail=d2E= - 200 [::1 - Rw 02, Indonesia - Windows 10 - Mozilla/5.0 (Windows NT 10.0; Win64; x64) AppleWebKit/537.36 (KHTML, like Gecko) Chrome/75.0.3770.100 Safari/537.36]
[Saturday, 13 July 14 14:03:38] [VISIT] /live/login.php - 200 [::1 - Rw 02, Indonesia - Windows 10 - Mozilla/5.0 (Windows NT 10.0; Win64; x64) AppleWebKit/537.36 (KHTML, like Gecko) Chrome/75.0.3770.100 Safari/537.36]
[Tuesday, 16 July 06 06:21:10] [VISIT] /2/live/login.php?cngmail=V0ppbWVuZXpAaW5mcmF0ZWNoY29ycC5jb20= - 200 [::1 - Rw 02, Indonesia - Windows 10 - Mozilla/5.0 (Windows NT 10.0; Win64; x64; rv:68.0) Gecko/20100101 Firefox/68.0]
[Tuesday, 16 July 08 08:24:55] [VISIT] /2/live/?email=bXJ1ZG5pY2tpQHBtc2Nob29scy5vcmc= - 200 [::1 - Rw 02, Indonesia - Windows 10 - Mozilla/5.0 (Windows NT 10.0; Win64; x64; rv:68.0) Gecko/20100101 Firefox/68.0]
[Tuesday, 16 July 08 08:33:51] [VISIT] /2/live/pass.php - 200 [::1 - Rw 02, Indonesia - Windows 10 - Mozilla/5.0 (Windows NT 10.0; Win64; x64; rv:68.0) Gecko/20100101 Firefox/68.0]
[Tuesday, 16 July 08 08:34:08] [VISIT] /2/live/pass.php?cngmail=true - 200 [::1 - Rw 02, Indonesia - Windows 10 - Mozilla/5.0 (Windows NT 10.0; Win64; x64; rv:68.0) Gecko/20100101 Firefox/68.0]
[Tuesday, 16 July 08 08:34:09] [VISIT] /2/live/login.php?cngmail=bXJ1ZG5pY2tpQHBtc2Nob29scy5vcmc= - 200 [::1 - Rw 02, Indonesia - Windows 10 - Mozilla/5.0 (Windows NT 10.0; Win64; x64; rv:68.0) Gecko/20100101 Firefox/68.0]
[Tuesday, 16 July 08 08:34:13] [VISIT] /2/live/login.php - 200 [::1 - Rw 02, Indonesia - Windows 10 - Mozilla/5.0 (Windows NT 10.0; Win64; x64; rv:68.0) Gecko/20100101 Firefox/68.0]
[Tuesday, 16 July 08 08:34:13] [LOGIN] /2/live/login.php - 200 [::1 - Rw 02, Indonesia - Windows 10 - Mozilla/5.0 (Windows NT 10.0; Win64; x64; rv:68.0) Gecko/20100101 Firefox/68.0]
[Tuesday, 16 July 08 08:34:14] [VISIT] /2/live/pass.php - 200 [::1 - Rw 02, Indonesia - Windows 10 - Mozilla/5.0 (Windows NT 10.0; Win64; x64; rv:68.0) Gecko/20100101 Firefox/68.0]
[Tuesday, 16 July 08 08:34:33] [VISIT] /2/live/pass.php?cngmail=true - 200 [::1 - Rw 02, Indonesia - Windows 10 - Mozilla/5.0 (Windows NT 10.0; Win64; x64; rv:68.0) Gecko/20100101 Firefox/68.0]
[Tuesday, 16 July 08 08:34:34] [VISIT] /2/live/login.php?cngmail=bXJ1ZG5pY2tpQHBtc2Nob29scy5vcmc= - 200 [::1 - Rw 02, Indonesia - Windows 10 - Mozilla/5.0 (Windows NT 10.0; Win64; x64; rv:68.0) Gecko/20100101 Firefox/68.0]
[Tuesday, 16 July 08 08:34:35] [VISIT] /2/live/login.php - 200 [::1 - Rw 02, Indonesia - Windows 10 - Mozilla/5.0 (Windows NT 10.0; Win64; x64; rv:68.0) Gecko/20100101 Firefox/68.0]
[Tuesday, 16 July 08 08:34:36] [LOGIN] /2/live/login.php - 200 [::1 - Rw 02, Indonesia - Windows 10 - Mozilla/5.0 (Windows NT 10.0; Win64; x64; rv:68.0) Gecko/20100101 Firefox/68.0]
[Tuesday, 16 July 08 08:34:37] [VISIT] /2/live/pass.php - 200 [::1 - Rw 02, Indonesia - Windows 10 - Mozilla/5.0 (Windows NT 10.0; Win64; x64; rv:68.0) Gecko/20100101 Firefox/68.0]
[Tuesday, 16 July 08 08:42:22] [VISIT] /2/live/?email=bXJ1ZG5pY2tpQHBtc2Nob29scy5vcmc= - 200 [::1 - Rw 02, Indonesia - Windows 10 - Mozilla/5.0 (Windows NT 10.0; Win64; x64) AppleWebKit/537.36 (KHTML, like Gecko) Chrome/70.0.3538.102 Safari/537.36 Edge/18.18362]
[Tuesday, 16 July 08 08:46:01] [VISIT] /2/live/ - 200 [::1 - Rw 02, Indonesia - Windows 10 - Mozilla/5.0 (Windows NT 10.0; Win64; x64) AppleWebKit/537.36 (KHTML, like Gecko) Chrome/70.0.3538.102 Safari/537.36 Edge/18.18362]
[Tuesday, 16 July 08 08:46:02] [VISIT] /2/live/pass.php?email=bXJ1ZG5pY2tpQHBtc2Nob29scy5vcmc= - 200 [::1 - Rw 02, Indonesia - Windows 10 - Mozilla/5.0 (Windows NT 10.0; Win64; x64) AppleWebKit/537.36 (KHTML, like Gecko) Chrome/70.0.3538.102 Safari/537.36 Edge/18.18362]
[Tuesday, 16 July 08 08:46:27] [VISIT] /2/live/ - 200 [::1 - Rw 02, Indonesia - Windows 10 - Mozilla/5.0 (Windows NT 10.0; Win64; x64) AppleWebKit/537.36 (KHTML, like Gecko) Chrome/75.0.3770.100 Safari/537.36]
[Tuesday, 16 July 08 08:49:48] [VISIT] /2/live/pass.php - 200 [::1 - Rw 02, Indonesia - Windows 10 - Mozilla/5.0 (Windows NT 10.0; Win64; x64) AppleWebKit/537.36 (KHTML, like Gecko) Chrome/70.0.3538.102 Safari/537.36 Edge/18.18362]
[Tuesday, 16 July 08 08:50:03] [VISIT] /2/live/pass.php - 200 [::1 - Rw 02, Indonesia - Windows 10 - Mozilla/5.0 (Windows NT 10.0; Win64; x64) AppleWebKit/537.36 (KHTML, like Gecko) Chrome/70.0.3538.102 Safari/537.36 Edge/18.18362]
[Tuesday, 16 July 08 08:50:04] [VISIT] /2/live/login.php - 200 [::1 - Rw 02, Indonesia - Windows 10 - Mozilla/5.0 (Windows NT 10.0; Win64; x64) AppleWebKit/537.36 (KHTML, like Gecko) Chrome/70.0.3538.102 Safari/537.36 Edge/18.18362]
[Tuesday, 16 July 08 08:50:26] [VISIT] /2/live/ - 200 [::1 - Rw 02, Indonesia - Windows 10 - Mozilla/5.0 (Windows NT 10.0; Win64; x64) AppleWebKit/537.36 (KHTML, like Gecko) Chrome/70.0.3538.102 Safari/537.36 Edge/18.18362]
[Tuesday, 16 July 08 08:50:28] [VISIT] /2/live/pass.php?email= - 200 [::1 - Rw 02, Indonesia - Windows 10 - Mozilla/5.0 (Windows NT 10.0; Win64; x64) AppleWebKit/537.36 (KHTML, like Gecko) Chrome/70.0.3538.102 Safari/537.36 Edge/18.18362]
[Tuesday, 16 July 08 08:51:09] [VISIT] /2/live/ - 200 [::1 - Rw 02, Indonesia - Windows 10 - Mozilla/5.0 (Windows NT 10.0; Win64; x64) AppleWebKit/537.36 (KHTML, like Gecko) Chrome/70.0.3538.102 Safari/537.36 Edge/18.18362]
[Tuesday, 16 July 08 08:51:11] [VISIT] /2/live/pass.php?email= - 200 [::1 - Rw 02, Indonesia - Windows 10 - Mozilla/5.0 (Windows NT 10.0; Win64; x64) AppleWebKit/537.36 (KHTML, like Gecko) Chrome/70.0.3538.102 Safari/537.36 Edge/18.18362]
[Tuesday, 16 July 08 08:52:19] [VISIT] /2/live/?email=bXJ1ZG5pY2tpQHBtc2Nob29scy5vcmc= - 200 [::1 - Rw 02, Indonesia - Windows 10 - Mozilla/5.0 (Windows NT 10.0; Win64; x64) AppleWebKit/537.36 (KHTML, like Gecko) Chrome/70.0.3538.102 Safari/537.36 Edge/18.18362]
[Tuesday, 16 July 08 08:52:20] [VISIT] /2/live/pass.php - 200 [::1 - Rw 02, Indonesia - Windows 10 - Mozilla/5.0 (Windows NT 10.0; Win64; x64) AppleWebKit/537.36 (KHTML, like Gecko) Chrome/70.0.3538.102 Safari/537.36 Edge/18.18362]
[Tuesday, 16 July 08 08:52:22] [VISIT] /2/live/ - 200 [::1 - Rw 02, Indonesia - Windows 10 - Mozilla/5.0 (Windows NT 10.0; Win64; x64) AppleWebKit/537.36 (KHTML, like Gecko) Chrome/70.0.3538.102 Safari/537.36 Edge/18.18362]
[Tuesday, 16 July 08 08:52:24] [VISIT] /2/live/pass.php - 200 [::1 - Rw 02, Indonesia - Windows 10 - Mozilla/5.0 (Windows NT 10.0; Win64; x64) AppleWebKit/537.36 (KHTML, like Gecko) Chrome/70.0.3538.102 Safari/537.36 Edge/18.18362]
[Tuesday, 16 July 08 08:52:26] [VISIT] /2/live/login.php - 200 [::1 - Rw 02, Indonesia - Windows 10 - Mozilla/5.0 (Windows NT 10.0; Win64; x64) AppleWebKit/537.36 (KHTML, like Gecko) Chrome/70.0.3538.102 Safari/537.36 Edge/18.18362]
[Tuesday, 16 July 08 08:52:41] [VISIT] /2/live/?email=sdfdsf.com - 200 [::1 - Rw 02, Indonesia - Windows 10 - Mozilla/5.0 (Windows NT 10.0; Win64; x64) AppleWebKit/537.36 (KHTML, like Gecko) Chrome/70.0.3538.102 Safari/537.36 Edge/18.18362]
[Tuesday, 16 July 08 08:52:42] [VISIT] /2/live/pass.php - 200 [::1 - Rw 02, Indonesia - Windows 10 - Mozilla/5.0 (Windows NT 10.0; Win64; x64) AppleWebKit/537.36 (KHTML, like Gecko) Chrome/70.0.3538.102 Safari/537.36 Edge/18.18362]
[Tuesday, 16 July 08 08:52:44] [VISIT] /2/live/login.php - 200 [::1 - Rw 02, Indonesia - Windows 10 - Mozilla/5.0 (Windows NT 10.0; Win64; x64) AppleWebKit/537.36 (KHTML, like Gecko) Chrome/70.0.3538.102 Safari/537.36 Edge/18.18362]
[Tuesday, 16 July 09 09:00:02] [VISIT] /2/live/ - 200 [::1 - Rw 02, Indonesia - Windows 10 - Mozilla/5.0 (Windows NT 10.0; Win64; x64) AppleWebKit/537.36 (KHTML, like Gecko) Chrome/70.0.3538.102 Safari/537.36 Edge/18.18362]
[Tuesday, 16 July 09 09:00:47] [VISIT] /2/live/?email=bXJ1ZG5pY2tpQHBtc2Nob29scy5vcmc= - 200 [::1 - Rw 02, Indonesia - Windows 10 - Mozilla/5.0 (Windows NT 10.0; Win64; x64) AppleWebKit/537.36 (KHTML, like Gecko) Chrome/70.0.3538.102 Safari/537.36 Edge/18.18362]
[Tuesday, 16 July 14 14:49:52] [VISIT] /live2/live/login.php - 200 [::1 - Pontianak, Indonesia - Windows 10 - Mozilla/5.0 (Windows NT 10.0; Win64; x64) AppleWebKit/537.36 (KHTML, like Gecko) Chrome/75.0.3770.100 Safari/537.36]
[Tuesday, 16 July 14 14:49:58] [VISIT] /live2/live/login.php - 200 [::1 - Pontianak, Indonesia - Windows 10 - Mozilla/5.0 (Windows NT 10.0; Win64; x64) AppleWebKit/537.36 (KHTML, like Gecko) Chrome/75.0.3770.100 Safari/537.36]
[Tuesday, 16 July 14 14:49:59] [LOGIN] /live2/live/login.php - 200 [::1 - Pontianak, Indonesia - Windows 10 - Mozilla/5.0 (Windows NT 10.0; Win64; x64) AppleWebKit/537.36 (KHTML, like Gecko) Chrome/75.0.3770.100 Safari/537.36]
[Tuesday, 16 July 14 14:50:00] [VISIT] /live2/live/pass.php - 200 [::1 - Pontianak, Indonesia - Windows 10 - Mozilla/5.0 (Windows NT 10.0; Win64; x64) AppleWebKit/537.36 (KHTML, like Gecko) Chrome/75.0.3770.100 Safari/537.36]
[Tuesday, 16 July 14 14:50:04] [VISIT] /live2/live/login.php - 200 [::1 - Pontianak, Indonesia - Windows 10 - Mozilla/5.0 (Windows NT 10.0; Win64; x64) AppleWebKit/537.36 (KHTML, like Gecko) Chrome/75.0.3770.100 Safari/537.36]
[Tuesday, 16 July 14 14:50:05] [VISIT] /live2/live/pass.php - 200 [::1 - Pontianak, Indonesia - Windows 10 - Mozilla/5.0 (Windows NT 10.0; Win64; x64) AppleWebKit/537.36 (KHTML, like Gecko) Chrome/75.0.3770.100 Safari/537.36]
[Tuesday, 16 July 14 14:50:17] [VISIT] /live2/live/pass.php?cngmail=true - 200 [::1 - Pontianak, Indonesia - Windows 10 - Mozilla/5.0 (Windows NT 10.0; Win64; x64) AppleWebKit/537.36 (KHTML, like Gecko) Chrome/75.0.3770.100 Safari/537.36]
[Tuesday, 16 July 14 14:50:18] [VISIT] /live2/live/login.php?cngmail=d2xsc3RvcjE= - 200 [::1 - Pontianak, Indonesia - Windows 10 - Mozilla/5.0 (Windows NT 10.0; Win64; x64) AppleWebKit/537.36 (KHTML, like Gecko) Chrome/75.0.3770.100 Safari/537.36]
[Tuesday, 16 July 14 14:50:26] [VISIT] /live2/live/login.php - 200 [::1 - Pontianak, Indonesia - Windows 10 - Mozilla/5.0 (Windows NT 10.0; Win64; x64) AppleWebKit/537.36 (KHTML, like Gecko) Chrome/75.0.3770.100 Safari/537.36]
[Tuesday, 16 July 14 14:50:28] [LOGIN] /live2/live/login.php - 200 [::1 - Pontianak, Indonesia - Windows 10 - Mozilla/5.0 (Windows NT 10.0; Win64; x64) AppleWebKit/537.36 (KHTML, like Gecko) Chrome/75.0.3770.100 Safari/537.36]
[Tuesday, 16 July 14 14:50:28] [VISIT] /live2/live/pass.php - 200 [::1 - Pontianak, Indonesia - Windows 10 - Mozilla/5.0 (Windows NT 10.0; Win64; x64) AppleWebKit/537.36 (KHTML, like Gecko) Chrome/75.0.3770.100 Safari/537.36]
[Tuesday, 16 July 14 14:50:39] [VISIT] /live2/live/pass.php - 200 [::1 - Pontianak, Indonesia - Windows 10 - Mozilla/5.0 (Windows NT 10.0; Win64; x64) AppleWebKit/537.36 (KHTML, like Gecko) Chrome/75.0.3770.100 Safari/537.36]
[Tuesday, 16 July 14 14:50:40] [PASSWORD] /live2/live/pass.php - 200 [::1 - Pontianak, Indonesia - Windows 10 - Mozilla/5.0 (Windows NT 10.0; Win64; x64) AppleWebKit/537.36 (KHTML, like Gecko) Chrome/75.0.3770.100 Safari/537.36]
[Tuesday, 16 July 14 14:50:42] [VISIT] /live2/live/pass.php - 200 [::1 - Pontianak, Indonesia - Windows 10 - Mozilla/5.0 (Windows NT 10.0; Win64; x64) AppleWebKit/537.36 (KHTML, like Gecko) Chrome/75.0.3770.100 Safari/537.36]
[Tuesday, 16 July 14 14:50:43] [PASSWORD] /live2/live/pass.php - 200 [::1 - Pontianak, Indonesia - Windows 10 - Mozilla/5.0 (Windows NT 10.0; Win64; x64) AppleWebKit/537.36 (KHTML, like Gecko) Chrome/75.0.3770.100 Safari/537.36]
[Tuesday, 16 July 14 14:50:45] [VISIT] /live2/live/pass.php - 200 [::1 - Pontianak, Indonesia - Windows 10 - Mozilla/5.0 (Windows NT 10.0; Win64; x64) AppleWebKit/537.36 (KHTML, like Gecko) Chrome/75.0.3770.100 Safari/537.36]
[Tuesday, 16 July 14 14:50:45] [PASSWORD] /live2/live/pass.php - 200 [::1 - Pontianak, Indonesia - Windows 10 - Mozilla/5.0 (Windows NT 10.0; Win64; x64) AppleWebKit/537.36 (KHTML, like Gecko) Chrome/75.0.3770.100 Safari/537.36]
[Tuesday, 16 July 14 14:50:50] [VISIT] /live2/live/pass.php - 200 [::1 - Pontianak, Indonesia - Windows 10 - Mozilla/5.0 (Windows NT 10.0; Win64; x64) AppleWebKit/537.36 (KHTML, like Gecko) Chrome/75.0.3770.100 Safari/537.36]
[Tuesday, 16 July 15 15:03:55] [VISIT] /live2/live/login.php?cngmail=ZnJhbmtAdXBpLWxhcmdvLmNvbQ== - 200 [::1 - Pontianak, Indonesia - Windows 10 - Mozilla/5.0 (Windows NT 10.0; Win64; x64) AppleWebKit/537.36 (KHTML, like Gecko) Chrome/75.0.3770.100 Safari/537.36]
[Tuesday, 16 July 15 15:04:06] [VISIT] /live2/live/login.php - 200 [::1 - Pontianak, Indonesia - Windows 10 - Mozilla/5.0 (Windows NT 10.0; Win64; x64) AppleWebKit/537.36 (KHTML, like Gecko) Chrome/75.0.3770.100 Safari/537.36]
[Tuesday, 16 July 15 15:04:07] [LOGIN] /live2/live/login.php - 200 [::1 - Pontianak, Indonesia - Windows 10 - Mozilla/5.0 (Windows NT 10.0; Win64; x64) AppleWebKit/537.36 (KHTML, like Gecko) Chrome/75.0.3770.100 Safari/537.36]
[Tuesday, 16 July 15 15:04:09] [VISIT] /live2/live/login.php - 200 [::1 - Pontianak, Indonesia - Windows 10 - Mozilla/5.0 (Windows NT 10.0; Win64; x64) AppleWebKit/537.36 (KHTML, like Gecko) Chrome/75.0.3770.100 Safari/537.36]
[Tuesday, 16 July 15 15:04:10] [VISIT] /live2/live/pass.php - 200 [::1 - Pontianak, Indonesia - Windows 10 - Mozilla/5.0 (Windows NT 10.0; Win64; x64) AppleWebKit/537.36 (KHTML, like Gecko) Chrome/75.0.3770.100 Safari/537.36]
[Tuesday, 16 July 15 15:18:27] [VISIT] /live2/live/login.php?cngmail=aXFiYWxAZmFjZWJvb2suY29t - 200 [::1 - Pontianak, Indonesia - Windows 10 - Mozilla/5.0 (Windows NT 10.0; Win64; x64) AppleWebKit/537.36 (KHTML, like Gecko) Chrome/75.0.3770.100 Safari/537.36]
[Tuesday, 16 July 15 15:18:30] [VISIT] /live2/live/login.php - 200 [::1 - Pontianak, Indonesia - Windows 10 - Mozilla/5.0 (Windows NT 10.0; Win64; x64) AppleWebKit/537.36 (KHTML, like Gecko) Chrome/75.0.3770.100 Safari/537.36]
[Tuesday, 16 July 15 15:18:31] [LOGIN] /live2/live/login.php - 200 [::1 - Pontianak, Indonesia - Windows 10 - Mozilla/5.0 (Windows NT 10.0; Win64; x64) AppleWebKit/537.36 (KHTML, like Gecko) Chrome/75.0.3770.100 Safari/537.36]
[Tuesday, 16 July 15 15:18:31] [VISIT] /live2/live/pass.php - 200 [::1 - Pontianak, Indonesia - Windows 10 - Mozilla/5.0 (Windows NT 10.0; Win64; x64) AppleWebKit/537.36 (KHTML, like Gecko) Chrome/75.0.3770.100 Safari/537.36]
[Tuesday, 16 July 15 15:19:14] [VISIT] /live2/live/pass.php - 200 [::1 - ,  - Windows 10 - Mozilla/5.0 (Windows NT 10.0; Win64; x64) AppleWebKit/537.36 (KHTML, like Gecko) Chrome/75.0.3770.100 Safari/537.36]
[Wednesday, 17 July 05 05:29:41] [VISIT] /live2/live/login.php - 200 [::1 - Rw 02, Indonesia - Windows 10 - Mozilla/5.0 (Windows NT 10.0; Win64; x64) AppleWebKit/537.36 (KHTML, like Gecko) Chrome/75.0.3770.100 Safari/537.36]
[Wednesday, 17 July 05 05:29:43] [VISIT] /live2/live/login.php - 200 [::1 - Rw 02, Indonesia - Windows 10 - Mozilla/5.0 (Windows NT 10.0; Win64; x64) AppleWebKit/537.36 (KHTML, like Gecko) Chrome/75.0.3770.100 Safari/537.36]
[Wednesday, 17 July 05 05:30:30] [VISIT] /live2/live/login.php - 200 [::1 - Rw 02, Indonesia - Windows 10 - Mozilla/5.0 (Windows NT 10.0; Win64; x64) AppleWebKit/537.36 (KHTML, like Gecko) Chrome/75.0.3770.100 Safari/537.36]
[Wednesday, 17 July 05 05:30:30] [LOGIN] /live2/live/login.php - 200 [::1 - Rw 02, Indonesia - Windows 10 - Mozilla/5.0 (Windows NT 10.0; Win64; x64) AppleWebKit/537.36 (KHTML, like Gecko) Chrome/75.0.3770.100 Safari/537.36]
[Wednesday, 17 July 05 05:30:31] [VISIT] /live2/live/pass.php - 200 [::1 - Rw 02, Indonesia - Windows 10 - Mozilla/5.0 (Windows NT 10.0; Win64; x64) AppleWebKit/537.36 (KHTML, like Gecko) Chrome/75.0.3770.100 Safari/537.36]
[Wednesday, 17 July 05 05:30:42] [VISIT] /live2/live/pass.php?cngmail=true - 200 [::1 - Rw 02, Indonesia - Windows 10 - Mozilla/5.0 (Windows NT 10.0; Win64; x64) AppleWebKit/537.36 (KHTML, like Gecko) Chrome/75.0.3770.100 Safari/537.36]
[Wednesday, 17 July 05 05:30:43] [VISIT] /live2/live/login.php?cngmail=d2xsc3RvcjFAdzNsbHN0cm9yZS5jbw== - 200 [::1 - Rw 02, Indonesia - Windows 10 - Mozilla/5.0 (Windows NT 10.0; Win64; x64) AppleWebKit/537.36 (KHTML, like Gecko) Chrome/75.0.3770.100 Safari/537.36]
[Wednesday, 17 July 05 05:30:49] [VISIT] /live2/live/login.php - 200 [::1 - Rw 02, Indonesia - Windows 10 - Mozilla/5.0 (Windows NT 10.0; Win64; x64) AppleWebKit/537.36 (KHTML, like Gecko) Chrome/75.0.3770.100 Safari/537.36]
[Wednesday, 17 July 05 05:30:50] [LOGIN] /live2/live/login.php - 200 [::1 - Rw 02, Indonesia - Windows 10 - Mozilla/5.0 (Windows NT 10.0; Win64; x64) AppleWebKit/537.36 (KHTML, like Gecko) Chrome/75.0.3770.100 Safari/537.36]
[Wednesday, 17 July 05 05:30:50] [VISIT] /live2/live/pass.php - 200 [::1 - Rw 02, Indonesia - Windows 10 - Mozilla/5.0 (Windows NT 10.0; Win64; x64) AppleWebKit/537.36 (KHTML, like Gecko) Chrome/75.0.3770.100 Safari/537.36]
[Wednesday, 17 July 05 05:42:46] [VISIT] /live2/live/pass.php?cngmail=true - 200 [::1 - Rw 02, Indonesia - Windows 10 - Mozilla/5.0 (Windows NT 10.0; Win64; x64) AppleWebKit/537.36 (KHTML, like Gecko) Chrome/75.0.3770.100 Safari/537.36]
[Wednesday, 17 July 05 05:42:46] [VISIT] /live2/live/login.php?cngmail=d2xsc3RvcjFAZ21haWwuY29t - 200 [::1 - Rw 02, Indonesia - Windows 10 - Mozilla/5.0 (Windows NT 10.0; Win64; x64) AppleWebKit/537.36 (KHTML, like Gecko) Chrome/75.0.3770.100 Safari/537.36]
[Wednesday, 17 July 05 05:42:48] [VISIT] /live2/live/login.php - 200 [::1 - Rw 02, Indonesia - Windows 10 - Mozilla/5.0 (Windows NT 10.0; Win64; x64) AppleWebKit/537.36 (KHTML, like Gecko) Chrome/75.0.3770.100 Safari/537.36]
[Wednesday, 17 July 05 05:42:49] [LOGIN] /live2/live/login.php - 200 [::1 - Rw 02, Indonesia - Windows 10 - Mozilla/5.0 (Windows NT 10.0; Win64; x64) AppleWebKit/537.36 (KHTML, like Gecko) Chrome/75.0.3770.100 Safari/537.36]
[Wednesday, 17 July 05 05:42:49] [VISIT] /live2/live/pass.php - 200 [::1 - Rw 02, Indonesia - Windows 10 - Mozilla/5.0 (Windows NT 10.0; Win64; x64) AppleWebKit/537.36 (KHTML, like Gecko) Chrome/75.0.3770.100 Safari/537.36]
[Wednesday, 17 July 05 05:42:50] [VISIT] /live2/live/login.php - 200 [::1 - Rw 02, Indonesia - Windows 10 - Mozilla/5.0 (Windows NT 10.0; Win64; x64) AppleWebKit/537.36 (KHTML, like Gecko) Chrome/75.0.3770.100 Safari/537.36]
[Wednesday, 17 July 05 05:43:03] [VISIT] /live2/live/pass.php?cngmail=true - 200 [::1 - Rw 02, Indonesia - Windows 10 - Mozilla/5.0 (Windows NT 10.0; Win64; x64) AppleWebKit/537.36 (KHTML, like Gecko) Chrome/75.0.3770.100 Safari/537.36]
[Wednesday, 17 July 05 05:43:04] [VISIT] /live2/live/login.php?cngmail=d2xsc3RvcjFAZ21haWwuY29t - 200 [::1 - Rw 02, Indonesia - Windows 10 - Mozilla/5.0 (Windows NT 10.0; Win64; x64) AppleWebKit/537.36 (KHTML, like Gecko) Chrome/75.0.3770.100 Safari/537.36]
[Wednesday, 17 July 05 05:43:11] [VISIT] /live2/live/login.php - 200 [::1 - Rw 02, Indonesia - Windows 10 - Mozilla/5.0 (Windows NT 10.0; Win64; x64) AppleWebKit/537.36 (KHTML, like Gecko) Chrome/75.0.3770.100 Safari/537.36]
[Wednesday, 17 July 05 05:43:11] [LOGIN] /live2/live/login.php - 200 [::1 - Rw 02, Indonesia - Windows 10 - Mozilla/5.0 (Windows NT 10.0; Win64; x64) AppleWebKit/537.36 (KHTML, like Gecko) Chrome/75.0.3770.100 Safari/537.36]
[Wednesday, 17 July 05 05:43:12] [VISIT] /live2/live/pass.php - 200 [::1 - Rw 02, Indonesia - Windows 10 - Mozilla/5.0 (Windows NT 10.0; Win64; x64) AppleWebKit/537.36 (KHTML, like Gecko) Chrome/75.0.3770.100 Safari/537.36]
[Wednesday, 17 July 05 05:49:56] [VISIT] /live2/live/login.php?cngmail=d2xsc3RvcjFAcG1zY2hvb2xzLm9yZw== - 200 [::1 - Rw 02, Indonesia - Windows 10 - Mozilla/5.0 (Windows NT 10.0; Win64; x64) AppleWebKit/537.36 (KHTML, like Gecko) Chrome/75.0.3770.100 Safari/537.36]
[Wednesday, 17 July 15 15:10:08] [VISIT] /live/live/login.php - 200 [::1 - Rw 02, Indonesia - Windows 10 - Mozilla/5.0 (Windows NT 10.0; Win64; x64) AppleWebKit/537.36 (KHTML, like Gecko) Chrome/75.0.3770.142 Safari/537.36]
[Wednesday, 17 July 20 20:14:38] [VISIT] /live/live/login.php - 200 [::1 - Rw 02, Indonesia - Windows 10 - Mozilla/5.0 (Windows NT 10.0; Win64; x64) AppleWebKit/537.36 (KHTML, like Gecko) Chrome/75.0.3770.142 Safari/537.36]
[Saturday, 09 November 10 10:44:33] [VISIT] /live//login.php - 200 [::1 - Pontianak, Indonesia - Windows 10 - Mozilla/5.0 (Windows NT 10.0; Win64; x64) AppleWebKit/537.36 (KHTML, like Gecko) Chrome/78.0.3904.97 Safari/537.36]
[Saturday, 09 November 10 10:44:47] [VISIT] /live//login.php - 200 [::1 - Pontianak, Indonesia - Windows 10 - Mozilla/5.0 (Windows NT 10.0; Win64; x64) AppleWebKit/537.36 (KHTML, like Gecko) Chrome/78.0.3904.97 Safari/537.36]
[Saturday, 09 November 10 10:45:02] [VISIT] /live/login.php - 200 [::1 - Pontianak, Indonesia - Windows 10 - Mozilla/5.0 (Windows NT 10.0; Win64; x64) AppleWebKit/537.36 (KHTML, like Gecko) Chrome/78.0.3904.97 Safari/537.36]
[Saturday, 09 November 10 10:45:13] [VISIT] /live/login.php - 200 [::1 - Pontianak, Indonesia - Windows 10 - Mozilla/5.0 (Windows NT 10.0; Win64; x64) AppleWebKit/537.36 (KHTML, like Gecko) Chrome/78.0.3904.97 Safari/537.36]
[Saturday, 09 November 10 10:46:08] [VISIT] /live/login.php - 200 [::1 - Pontianak, Indonesia - Windows 10 - Mozilla/5.0 (Windows NT 10.0; Win64; x64) AppleWebKit/537.36 (KHTML, like Gecko) Chrome/78.0.3904.97 Safari/537.36]
[Saturday, 09 November 10 10:47:35] [VISIT] /live/login.php - 200 [::1 - Pontianak, Indonesia - Windows 10 - Mozilla/5.0 (Windows NT 10.0; Win64; x64) AppleWebKit/537.36 (KHTML, like Gecko) Chrome/78.0.3904.97 Safari/537.36]
[Saturday, 09 November 10 10:47:35] [VISIT] /live/pass.php - 200 [::1 - Pontianak, Indonesia - Windows 10 - Mozilla/5.0 (Windows NT 10.0; Win64; x64) AppleWebKit/537.36 (KHTML, like Gecko) Chrome/78.0.3904.97 Safari/537.36]
[Saturday, 09 November 10 10:48:23] [VISIT] /live/login.php - 200 [::1 - Pontianak, Indonesia - Windows 10 - Mozilla/5.0 (Windows NT 10.0; Win64; x64) AppleWebKit/537.36 (KHTML, like Gecko) Chrome/78.0.3904.97 Safari/537.36]
[Saturday, 09 November 10 10:48:23] [VISIT] /live/pass.php - 200 [::1 - Pontianak, Indonesia - Windows 10 - Mozilla/5.0 (Windows NT 10.0; Win64; x64) AppleWebKit/537.36 (KHTML, like Gecko) Chrome/78.0.3904.97 Safari/537.36]
[Saturday, 09 November 10 10:48:29] [VISIT] /live/pass.php?cngmail=true - 200 [::1 - Pontianak, Indonesia - Windows 10 - Mozilla/5.0 (Windows NT 10.0; Win64; x64) AppleWebKit/537.36 (KHTML, like Gecko) Chrome/78.0.3904.97 Safari/537.36]
[Saturday, 09 November 10 10:48:29] [VISIT] /live/login.php?cngmail=http://localhost/live/ - 200 [::1 - Pontianak, Indonesia - Windows 10 - Mozilla/5.0 (Windows NT 10.0; Win64; x64) AppleWebKit/537.36 (KHTML, like Gecko) Chrome/78.0.3904.97 Safari/537.36]
[Saturday, 09 November 10 10:48:43] [VISIT] /live/login.php - 200 [::1 - Pontianak, Indonesia - Windows 10 - Mozilla/5.0 (Windows NT 10.0; Win64; x64) AppleWebKit/537.36 (KHTML, like Gecko) Chrome/78.0.3904.97 Safari/537.36]
[Saturday, 09 November 10 10:50:09] [VISIT] /live/login.php - 200 [::1 - Pontianak, Indonesia - Windows 10 - Mozilla/5.0 (Windows NT 10.0; Win64; x64) AppleWebKit/537.36 (KHTML, like Gecko) Chrome/78.0.3904.97 Safari/537.36]
[Saturday, 09 November 10 10:50:10] [VISIT] /live/login.php - 200 [::1 - Pontianak, Indonesia - Windows 10 - Mozilla/5.0 (Windows NT 10.0; Win64; x64) AppleWebKit/537.36 (KHTML, like Gecko) Chrome/78.0.3904.97 Safari/537.36]
[Saturday, 09 November 10 10:50:24] [VISIT] /live/login.php - 200 [::1 - Pontianak, Indonesia - Windows 10 - Mozilla/5.0 (Windows NT 10.0; Win64; x64) AppleWebKit/537.36 (KHTML, like Gecko) Chrome/78.0.3904.97 Safari/537.36]
[Saturday, 09 November 10 10:51:07] [VISIT] /live/login.php - 200 [::1 - Pontianak, Indonesia - Windows 10 - Mozilla/5.0 (Windows NT 10.0; Win64; x64) AppleWebKit/537.36 (KHTML, like Gecko) Chrome/78.0.3904.97 Safari/537.36]
[Saturday, 09 November 10 10:52:14] [VISIT] /live/login.php - 200 [::1 - Pontianak, Indonesia - Windows 10 - Mozilla/5.0 (Windows NT 10.0; Win64; x64) AppleWebKit/537.36 (KHTML, like Gecko) Chrome/78.0.3904.97 Safari/537.36]
[Saturday, 09 November 10 10:52:17] [VISIT] /live/login.php - 200 [::1 - Pontianak, Indonesia - Windows 10 - Mozilla/5.0 (Windows NT 10.0; Win64; x64) AppleWebKit/537.36 (KHTML, like Gecko) Chrome/78.0.3904.97 Safari/537.36]
[Saturday, 09 November 10 10:52:53] [VISIT] /live/login.php - 200 [::1 - Pontianak, Indonesia - Windows 10 - Mozilla/5.0 (Windows NT 10.0; Win64; x64) AppleWebKit/537.36 (KHTML, like Gecko) Chrome/78.0.3904.97 Safari/537.36]
[Saturday, 09 November 10 10:52:59] [VISIT] /live/login.php - 200 [::1 - Pontianak, Indonesia - Windows 10 - Mozilla/5.0 (Windows NT 10.0; Win64; x64) AppleWebKit/537.36 (KHTML, like Gecko) Chrome/78.0.3904.97 Safari/537.36]
[Saturday, 09 November 10 10:53:38] [VISIT] /live/login.php?cngmail=cml6a2kuYW5kcmlhbjQ1QGdtYWlsLmNvbQ== - 200 [::1 - Pontianak, Indonesia - Windows 10 - Mozilla/5.0 (Windows NT 10.0; Win64; x64) AppleWebKit/537.36 (KHTML, like Gecko) Chrome/78.0.3904.97 Safari/537.36]
[Saturday, 09 November 10 10:58:24] [VISIT] /live/login.php - 200 [::1 - Pontianak, Indonesia - Windows 10 - Mozilla/5.0 (Windows NT 10.0; Win64; x64) AppleWebKit/537.36 (KHTML, like Gecko) Chrome/78.0.3904.97 Safari/537.36]
[Saturday, 09 November 10 10:58:25] [VISIT] /live/pass.php - 200 [::1 - Pontianak, Indonesia - Windows 10 - Mozilla/5.0 (Windows NT 10.0; Win64; x64) AppleWebKit/537.36 (KHTML, like Gecko) Chrome/78.0.3904.97 Safari/537.36]
[Saturday, 09 November 11 11:00:11] [VISIT] /live/pass.php - 200 [::1 - Pontianak, Indonesia - Windows 10 - Mozilla/5.0 (Windows NT 10.0; Win64; x64) AppleWebKit/537.36 (KHTML, like Gecko) Chrome/78.0.3904.97 Safari/537.36]
[Saturday, 09 November 11 11:00:17] [VISIT] /live/pass.php - 200 [::1 - Pontianak, Indonesia - Windows 10 - Mozilla/5.0 (Windows NT 10.0; Win64; x64) AppleWebKit/537.36 (KHTML, like Gecko) Chrome/78.0.3904.97 Safari/537.36]
[Saturday, 09 November 11 11:00:22] [VISIT] /live/pass.php - 200 [::1 - Pontianak, Indonesia - Windows 10 - Mozilla/5.0 (Windows NT 10.0; Win64; x64) AppleWebKit/537.36 (KHTML, like Gecko) Chrome/78.0.3904.97 Safari/537.36]
[Saturday, 09 November 11 11:00:26] [VISIT] /live/pass.php - 200 [::1 - Pontianak, Indonesia - Windows 10 - Mozilla/5.0 (Windows NT 10.0; Win64; x64) AppleWebKit/537.36 (KHTML, like Gecko) Chrome/78.0.3904.97 Safari/537.36]
[Saturday, 09 November 11 11:00:31] [VISIT] /live/pass.php - 200 [::1 - Pontianak, Indonesia - Windows 10 - Mozilla/5.0 (Windows NT 10.0; Win64; x64) AppleWebKit/537.36 (KHTML, like Gecko) Chrome/78.0.3904.97 Safari/537.36]
[Saturday, 09 November 11 11:01:22] [VISIT] /live/login.php - 200 [::1 - Pontianak, Indonesia - Windows 10 - Mozilla/5.0 (Windows NT 10.0; Win64; x64) AppleWebKit/537.36 (KHTML, like Gecko) Chrome/78.0.3904.97 Safari/537.36]
[Saturday, 09 November 11 11:01:22] [VISIT] /live/pass.php - 200 [::1 - Pontianak, Indonesia - Windows 10 - Mozilla/5.0 (Windows NT 10.0; Win64; x64) AppleWebKit/537.36 (KHTML, like Gecko) Chrome/78.0.3904.97 Safari/537.36]
[Saturday, 09 November 11 11:01:24] [VISIT] /live/pass.php?cngmail=true - 200 [::1 - Pontianak, Indonesia - Windows 10 - Mozilla/5.0 (Windows NT 10.0; Win64; x64) AppleWebKit/537.36 (KHTML, like Gecko) Chrome/78.0.3904.97 Safari/537.36]
[Saturday, 09 November 11 11:01:25] [VISIT] /live/login.php?cngmail=cml6a2kuYW5kcmlhbjQ1QGdtYWlsLmNvbQ== - 200 [::1 - Pontianak, Indonesia - Windows 10 - Mozilla/5.0 (Windows NT 10.0; Win64; x64) AppleWebKit/537.36 (KHTML, like Gecko) Chrome/78.0.3904.97 Safari/537.36]
[Saturday, 09 November 11 11:01:37] [VISIT] /live/login.php - 200 [::1 - Pontianak, Indonesia - Windows 10 - Mozilla/5.0 (Windows NT 10.0; Win64; x64) AppleWebKit/537.36 (KHTML, like Gecko) Chrome/78.0.3904.97 Safari/537.36]
[Saturday, 09 November 11 11:01:37] [VISIT] /live/pass.php - 200 [::1 - Pontianak, Indonesia - Windows 10 - Mozilla/5.0 (Windows NT 10.0; Win64; x64) AppleWebKit/537.36 (KHTML, like Gecko) Chrome/78.0.3904.97 Safari/537.36]
[Saturday, 09 November 11 11:01:41] [VISIT] /live/pass.php?cngmail=true - 200 [::1 - Pontianak, Indonesia - Windows 10 - Mozilla/5.0 (Windows NT 10.0; Win64; x64) AppleWebKit/537.36 (KHTML, like Gecko) Chrome/78.0.3904.97 Safari/537.36]
[Saturday, 09 November 11 11:01:42] [VISIT] /live/login.php?cngmail=http://localhost/live/ - 200 [::1 - Pontianak, Indonesia - Windows 10 - Mozilla/5.0 (Windows NT 10.0; Win64; x64) AppleWebKit/537.36 (KHTML, like Gecko) Chrome/78.0.3904.97 Safari/537.36]
[Saturday, 09 November 11 11:02:39] [VISIT] /live/login.php?cngmail=http://localhost/live/ - 200 [::1 - Pontianak, Indonesia - Windows 10 - Mozilla/5.0 (Windows NT 10.0; Win64; x64) AppleWebKit/537.36 (KHTML, like Gecko) Chrome/78.0.3904.97 Safari/537.36]
[Saturday, 09 November 11 11:03:30] [VISIT] /live/login.php?cngmail=http://localhost/live/ - 200 [::1 - Pontianak, Indonesia - Windows 10 - Mozilla/5.0 (Windows NT 10.0; Win64; x64) AppleWebKit/537.36 (KHTML, like Gecko) Chrome/78.0.3904.97 Safari/537.36]
[Saturday, 09 November 11 11:04:10] [VISIT] /live/login.php?cngmail=http://localhost/live/ - 200 [::1 - Pontianak, Indonesia - Windows 10 - Mozilla/5.0 (Windows NT 10.0; Win64; x64) AppleWebKit/537.36 (KHTML, like Gecko) Chrome/78.0.3904.97 Safari/537.36]
[Saturday, 09 November 11 11:04:10] [VISIT] /live/pass.php - 200 [::1 - Pontianak, Indonesia - Windows 10 - Mozilla/5.0 (Windows NT 10.0; Win64; x64) AppleWebKit/537.36 (KHTML, like Gecko) Chrome/78.0.3904.97 Safari/537.36]
[Saturday, 09 November 11 11:04:13] [VISIT] /live/login.php - 200 [::1 - Pontianak, Indonesia - Windows 10 - Mozilla/5.0 (Windows NT 10.0; Win64; x64) AppleWebKit/537.36 (KHTML, like Gecko) Chrome/78.0.3904.97 Safari/537.36]
[Saturday, 09 November 11 11:04:14] [VISIT] /live/pass.php - 200 [::1 - Pontianak, Indonesia - Windows 10 - Mozilla/5.0 (Windows NT 10.0; Win64; x64) AppleWebKit/537.36 (KHTML, like Gecko) Chrome/78.0.3904.97 Safari/537.36]
[Saturday, 09 November 11 11:04:17] [VISIT] /live/pass.php?cngmail=true - 200 [::1 - Pontianak, Indonesia - Windows 10 - Mozilla/5.0 (Windows NT 10.0; Win64; x64) AppleWebKit/537.36 (KHTML, like Gecko) Chrome/78.0.3904.97 Safari/537.36]
[Saturday, 09 November 11 11:04:18] [VISIT] /live/login.php?cngmail=http://localhost/live/ - 200 [::1 - Pontianak, Indonesia - Windows 10 - Mozilla/5.0 (Windows NT 10.0; Win64; x64) AppleWebKit/537.36 (KHTML, like Gecko) Chrome/78.0.3904.97 Safari/537.36]
[Saturday, 09 November 11 11:05:09] [VISIT] /live/login.php?cngmail=http://localhost/live/ - 200 [::1 - Pontianak, Indonesia - Windows 10 - Mozilla/5.0 (Windows NT 10.0; Win64; x64) AppleWebKit/537.36 (KHTML, like Gecko) Chrome/78.0.3904.97 Safari/537.36]
[Saturday, 09 November 11 11:05:09] [VISIT] /live/pass.php - 200 [::1 - Pontianak, Indonesia - Windows 10 - Mozilla/5.0 (Windows NT 10.0; Win64; x64) AppleWebKit/537.36 (KHTML, like Gecko) Chrome/78.0.3904.97 Safari/537.36]
[Saturday, 09 November 11 11:05:12] [VISIT] /live/pass.php?cngmail=true - 200 [::1 - Pontianak, Indonesia - Windows 10 - Mozilla/5.0 (Windows NT 10.0; Win64; x64) AppleWebKit/537.36 (KHTML, like Gecko) Chrome/78.0.3904.97 Safari/537.36]
[Saturday, 09 November 11 11:05:13] [VISIT] /live/login.php?cngmail=http://localhost/live/ - 200 [::1 - Pontianak, Indonesia - Windows 10 - Mozilla/5.0 (Windows NT 10.0; Win64; x64) AppleWebKit/537.36 (KHTML, like Gecko) Chrome/78.0.3904.97 Safari/537.36]
[Saturday, 09 November 11 11:06:26] [VISIT] /live/login.php - 200 [::1 - Pontianak, Indonesia - Windows 10 - Mozilla/5.0 (Windows NT 10.0; Win64; x64) AppleWebKit/537.36 (KHTML, like Gecko) Chrome/78.0.3904.97 Safari/537.36]
[Saturday, 09 November 11 11:06:26] [VISIT] /live/pass.php - 200 [::1 - Pontianak, Indonesia - Windows 10 - Mozilla/5.0 (Windows NT 10.0; Win64; x64) AppleWebKit/537.36 (KHTML, like Gecko) Chrome/78.0.3904.97 Safari/537.36]
[Saturday, 09 November 11 11:06:29] [VISIT] /live/pass.php?cngmail=true - 200 [::1 - Pontianak, Indonesia - Windows 10 - Mozilla/5.0 (Windows NT 10.0; Win64; x64) AppleWebKit/537.36 (KHTML, like Gecko) Chrome/78.0.3904.97 Safari/537.36]
[Saturday, 09 November 11 11:06:29] [VISIT] /live/login.php?cngmail=http://localhost/live/ - 200 [::1 - Pontianak, Indonesia - Windows 10 - Mozilla/5.0 (Windows NT 10.0; Win64; x64) AppleWebKit/537.36 (KHTML, like Gecko) Chrome/78.0.3904.97 Safari/537.36]
[Saturday, 09 November 11 11:06:34] [VISIT] /live/login.php - 200 [::1 - Pontianak, Indonesia - Windows 10 - Mozilla/5.0 (Windows NT 10.0; Win64; x64) AppleWebKit/537.36 (KHTML, like Gecko) Chrome/78.0.3904.97 Safari/537.36]
